<?xml version="1.0" encoding="UTF-8"?>
<testng-results ignored="0" total="6" passed="6" failed="0" skipped="0">
  <reporter-output>
    <line>
      <![CDATA[LE_OO1->On Test start]]>
    </line>
    <line>
      <![CDATA[Con_001->On Test start]]>
    </line>
    <line>
      <![CDATA[Con_003->On Test start]]>
    </line>
    <line>
      <![CDATA[LE_002->On Test start]]>
    </line>
    <line>
      <![CDATA[Con_002->On Test start]]>
    </line>
    <line>
      <![CDATA[LE_OO1->On Test success]]>
    </line>
    <line>
      <![CDATA[Con_002->On Test success]]>
    </line>
    <line>
      <![CDATA[Con_001->On Test success]]>
    </line>
    <line>
      <![CDATA[Con_003->On Test success]]>
    </line>
    <line>
      <![CDATA[LE_002->On Test success]]>
    </line>
    <line>
      <![CDATA[demo->On Test start]]>
    </line>
    <line>
      <![CDATA[demo->On Test success]]>
    </line>
  </reporter-output>
  <suite started-at="2025-03-27T14:57:04 IST" name="Suite" finished-at="2025-03-27T14:58:59 IST" duration-ms="115447">
    <groups>
      <group name="Sanity">
        <method signature="TC_001.LE_OO1()[pri:0, instance:testCaseRepo.TC_001@1aa7ecca]" name="LE_OO1" class="testCaseRepo.TC_001"/>
      </group> <!-- Sanity -->
      <group name="Smoke">
        <method signature="TC_001.LE_OO1()[pri:0, instance:testCaseRepo.TC_001@1aa7ecca]" name="LE_OO1" class="testCaseRepo.TC_001"/>
      </group> <!-- Smoke -->
    </groups>
    <test started-at="2025-03-27T14:57:04 IST" name="Test" finished-at="2025-03-27T14:58:59 IST" duration-ms="115447">
      <class name="testCaseRepo.TC_006">
        <test-method is-config="true" signature="launchBrowser(java.lang.String)[pri:0, instance:testCaseRepo.TC_006@59309333]" started-at="2025-03-27T14:57:04 IST" name="launchBrowser" finished-at="2025-03-27T14:57:12 IST" duration-ms="8249" status="PASS">
          <params>
            <param index="0">
              <value>
                <![CDATA[edge]]>
              </value>
            </param>
          </params>
          <reporter-output>
          </reporter-output>
        </test-method> <!-- launchBrowser -->
        <test-method is-config="true" signature="loginOperation()[pri:0, instance:testCaseRepo.TC_006@59309333]" started-at="2025-03-27T14:57:12 IST" name="loginOperation" finished-at="2025-03-27T14:57:31 IST" duration-ms="18578" status="PASS">
          <reporter-output>
          </reporter-output>
        </test-method> <!-- loginOperation -->
        <test-method signature="Con_003()[pri:0, instance:testCaseRepo.TC_006@59309333]" started-at="2025-03-27T14:57:31 IST" name="Con_003" finished-at="2025-03-27T14:58:39 IST" duration-ms="68336" status="PASS">
          <reporter-output>
            <line>
              <![CDATA[Con_003->On Test start]]>
            </line>
            <line>
              <![CDATA[Con_003->On Test success]]>
            </line>
          </reporter-output>
        </test-method> <!-- Con_003 -->
        <test-method is-config="true" signature="signoutOperation()[pri:0, instance:testCaseRepo.TC_006@59309333]" started-at="2025-03-27T14:58:39 IST" name="signoutOperation" finished-at="2025-03-27T14:58:44 IST" duration-ms="5048" status="PASS">
          <reporter-output>
          </reporter-output>
        </test-method> <!-- signoutOperation -->
        <test-method is-config="true" signature="closeBrowser()[pri:0, instance:testCaseRepo.TC_006@59309333]" started-at="2025-03-27T14:58:44 IST" name="closeBrowser" finished-at="2025-03-27T14:58:49 IST" duration-ms="4469" status="PASS">
          <reporter-output>
          </reporter-output>
        </test-method> <!-- closeBrowser -->
      </class> <!-- testCaseRepo.TC_006 -->
      <class name="testCaseRepo.TC_001">
        <test-method is-config="true" signature="launchBrowser(java.lang.String)[pri:0, instance:testCaseRepo.TC_001@1aa7ecca]" started-at="2025-03-27T14:57:04 IST" name="launchBrowser" finished-at="2025-03-27T14:57:12 IST" duration-ms="8317" status="PASS">
          <params>
            <param index="0">
              <value>
                <![CDATA[edge]]>
              </value>
            </param>
          </params>
          <reporter-output>
          </reporter-output>
        </test-method> <!-- launchBrowser -->
        <test-method is-config="true" signature="loginOperation()[pri:0, instance:testCaseRepo.TC_001@1aa7ecca]" started-at="2025-03-27T14:57:12 IST" name="loginOperation" finished-at="2025-03-27T14:57:28 IST" duration-ms="15463" status="PASS">
          <reporter-output>
          </reporter-output>
        </test-method> <!-- loginOperation -->
        <test-method signature="LE_OO1()[pri:0, instance:testCaseRepo.TC_001@1aa7ecca]" started-at="2025-03-27T14:57:28 IST" name="LE_OO1" finished-at="2025-03-27T14:58:36 IST" duration-ms="67794" status="PASS">
          <reporter-output>
            <line>
              <![CDATA[LE_OO1->On Test start]]>
            </line>
            <line>
              <![CDATA[LE_OO1->On Test success]]>
            </line>
          </reporter-output>
        </test-method> <!-- LE_OO1 -->
        <test-method is-config="true" signature="signoutOperation()[pri:0, instance:testCaseRepo.TC_001@1aa7ecca]" started-at="2025-03-27T14:58:36 IST" name="signoutOperation" finished-at="2025-03-27T14:58:43 IST" duration-ms="6934" status="PASS">
          <reporter-output>
          </reporter-output>
        </test-method> <!-- signoutOperation -->
        <test-method is-config="true" signature="loginOperation()[pri:0, instance:testCaseRepo.TC_001@1aa7ecca]" started-at="2025-03-27T14:58:43 IST" name="loginOperation" finished-at="2025-03-27T14:58:49 IST" duration-ms="6696" status="PASS">
          <reporter-output>
          </reporter-output>
        </test-method> <!-- loginOperation -->
        <test-method signature="demo()[pri:0, instance:testCaseRepo.TC_001@1aa7ecca]" started-at="2025-03-27T14:58:49 IST" name="demo" finished-at="2025-03-27T14:58:49 IST" duration-ms="5" status="PASS">
          <reporter-output>
            <line>
              <![CDATA[demo->On Test start]]>
            </line>
            <line>
              <![CDATA[demo->On Test success]]>
            </line>
          </reporter-output>
        </test-method> <!-- demo -->
        <test-method is-config="true" signature="signoutOperation()[pri:0, instance:testCaseRepo.TC_001@1aa7ecca]" started-at="2025-03-27T14:58:49 IST" name="signoutOperation" finished-at="2025-03-27T14:58:58 IST" duration-ms="8212" status="PASS">
          <reporter-output>
          </reporter-output>
        </test-method> <!-- signoutOperation -->
        <test-method is-config="true" signature="closeBrowser()[pri:0, instance:testCaseRepo.TC_001@1aa7ecca]" started-at="2025-03-27T14:58:58 IST" name="closeBrowser" finished-at="2025-03-27T14:58:59 IST" duration-ms="1612" status="PASS">
          <reporter-output>
          </reporter-output>
        </test-method> <!-- closeBrowser -->
      </class> <!-- testCaseRepo.TC_001 -->
      <class name="testCaseRepo.TC_002">
        <test-method is-config="true" signature="dbConnection()[pri:0, instance:testCaseRepo.TC_002@4a94ee4]" started-at="2025-03-27T14:57:04 IST" name="dbConnection" finished-at="2025-03-27T14:57:04 IST" duration-ms="20" status="PASS">
          <reporter-output>
          </reporter-output>
        </test-method> <!-- dbConnection -->
        <test-method is-config="true" signature="launchBrowser(java.lang.String)[pri:0, instance:testCaseRepo.TC_002@4a94ee4]" started-at="2025-03-27T14:57:04 IST" name="launchBrowser" finished-at="2025-03-27T14:57:12 IST" duration-ms="8313" status="PASS">
          <params>
            <param index="0">
              <value>
                <![CDATA[edge]]>
              </value>
            </param>
          </params>
          <reporter-output>
          </reporter-output>
        </test-method> <!-- launchBrowser -->
        <test-method is-config="true" signature="loginOperation()[pri:0, instance:testCaseRepo.TC_002@4a94ee4]" started-at="2025-03-27T14:57:12 IST" name="loginOperation" finished-at="2025-03-27T14:57:32 IST" duration-ms="19434" status="PASS">
          <reporter-output>
          </reporter-output>
        </test-method> <!-- loginOperation -->
        <test-method signature="LE_002()[pri:0, instance:testCaseRepo.TC_002@4a94ee4]" started-at="2025-03-27T14:57:32 IST" name="LE_002" finished-at="2025-03-27T14:58:40 IST" duration-ms="67758" status="PASS">
          <reporter-output>
            <line>
              <![CDATA[LE_002->On Test start]]>
            </line>
            <line>
              <![CDATA[LE_002->On Test success]]>
            </line>
          </reporter-output>
        </test-method> <!-- LE_002 -->
        <test-method is-config="true" signature="signoutOperation()[pri:0, instance:testCaseRepo.TC_002@4a94ee4]" started-at="2025-03-27T14:58:40 IST" name="signoutOperation" finished-at="2025-03-27T14:58:44 IST" duration-ms="4959" status="PASS">
          <reporter-output>
          </reporter-output>
        </test-method> <!-- signoutOperation -->
        <test-method is-config="true" signature="closeBrowser()[pri:0, instance:testCaseRepo.TC_002@4a94ee4]" started-at="2025-03-27T14:58:44 IST" name="closeBrowser" finished-at="2025-03-27T14:58:49 IST" duration-ms="4112" status="PASS">
          <reporter-output>
          </reporter-output>
        </test-method> <!-- closeBrowser -->
        <test-method is-config="true" signature="CloseDBConnection()[pri:0, instance:testCaseRepo.TC_002@4a94ee4]" started-at="2025-03-27T14:59:00 IST" name="CloseDBConnection" finished-at="2025-03-27T14:59:00 IST" duration-ms="0" status="PASS">
          <reporter-output>
          </reporter-output>
        </test-method> <!-- CloseDBConnection -->
      </class> <!-- testCaseRepo.TC_002 -->
      <class name="testCaseRepo.TC_005">
        <test-method is-config="true" signature="launchBrowser(java.lang.String)[pri:0, instance:testCaseRepo.TC_005@5876a9af]" started-at="2025-03-27T14:57:04 IST" name="launchBrowser" finished-at="2025-03-27T14:57:13 IST" duration-ms="8659" status="PASS">
          <params>
            <param index="0">
              <value>
                <![CDATA[edge]]>
              </value>
            </param>
          </params>
          <reporter-output>
          </reporter-output>
        </test-method> <!-- launchBrowser -->
        <test-method is-config="true" signature="loginOperation()[pri:0, instance:testCaseRepo.TC_005@5876a9af]" started-at="2025-03-27T14:57:13 IST" name="loginOperation" finished-at="2025-03-27T14:57:37 IST" duration-ms="24671" status="PASS">
          <reporter-output>
          </reporter-output>
        </test-method> <!-- loginOperation -->
        <test-method signature="Con_002()[pri:0, instance:testCaseRepo.TC_005@5876a9af]" started-at="2025-03-27T14:57:37 IST" name="Con_002" finished-at="2025-03-27T14:58:37 IST" duration-ms="59547" status="PASS">
          <reporter-output>
            <line>
              <![CDATA[Con_002->On Test start]]>
            </line>
            <line>
              <![CDATA[Con_002->On Test success]]>
            </line>
          </reporter-output>
        </test-method> <!-- Con_002 -->
        <test-method is-config="true" signature="signoutOperation()[pri:0, instance:testCaseRepo.TC_005@5876a9af]" started-at="2025-03-27T14:58:37 IST" name="signoutOperation" finished-at="2025-03-27T14:58:43 IST" duration-ms="6463" status="PASS">
          <reporter-output>
          </reporter-output>
        </test-method> <!-- signoutOperation -->
        <test-method is-config="true" signature="closeBrowser()[pri:0, instance:testCaseRepo.TC_005@5876a9af]" started-at="2025-03-27T14:58:43 IST" name="closeBrowser" finished-at="2025-03-27T14:58:49 IST" duration-ms="5573" status="PASS">
          <reporter-output>
          </reporter-output>
        </test-method> <!-- closeBrowser -->
      </class> <!-- testCaseRepo.TC_005 -->
      <class name="testCaseRepo.TC_004">
        <test-method is-config="true" signature="launchBrowser(java.lang.String)[pri:0, instance:testCaseRepo.TC_004@7ec7ffd3]" started-at="2025-03-27T14:57:04 IST" name="launchBrowser" finished-at="2025-03-27T14:57:13 IST" duration-ms="8663" status="PASS">
          <params>
            <param index="0">
              <value>
                <![CDATA[edge]]>
              </value>
            </param>
          </params>
          <reporter-output>
          </reporter-output>
        </test-method> <!-- launchBrowser -->
        <test-method is-config="true" signature="loginOperation()[pri:0, instance:testCaseRepo.TC_004@7ec7ffd3]" started-at="2025-03-27T14:57:13 IST" name="loginOperation" finished-at="2025-03-27T14:57:30 IST" duration-ms="16949" status="PASS">
          <reporter-output>
          </reporter-output>
        </test-method> <!-- loginOperation -->
        <test-method signature="Con_001()[pri:0, instance:testCaseRepo.TC_004@7ec7ffd3]" started-at="2025-03-27T14:57:30 IST" name="Con_001" finished-at="2025-03-27T14:58:38 IST" duration-ms="68698" status="PASS">
          <reporter-output>
            <line>
              <![CDATA[Con_001->On Test start]]>
            </line>
            <line>
              <![CDATA[Con_001->On Test success]]>
            </line>
          </reporter-output>
        </test-method> <!-- Con_001 -->
        <test-method is-config="true" signature="signoutOperation()[pri:0, instance:testCaseRepo.TC_004@7ec7ffd3]" started-at="2025-03-27T14:58:38 IST" name="signoutOperation" finished-at="2025-03-27T14:58:44 IST" duration-ms="6047" status="PASS">
          <reporter-output>
          </reporter-output>
        </test-method> <!-- signoutOperation -->
        <test-method is-config="true" signature="closeBrowser()[pri:0, instance:testCaseRepo.TC_004@7ec7ffd3]" started-at="2025-03-27T14:58:44 IST" name="closeBrowser" finished-at="2025-03-27T14:58:49 IST" duration-ms="4529" status="PASS">
          <reporter-output>
          </reporter-output>
        </test-method> <!-- closeBrowser -->
      </class> <!-- testCaseRepo.TC_004 -->
    </test> <!-- Test -->
  </suite> <!-- Suite -->
</testng-results>
