<?xml version="1.0" encoding="UTF-8"?>
<testng-results ignored="0" total="1" passed="1" failed="0" skipped="0">
  <reporter-output>
  </reporter-output>
  <suite started-at="2025-03-27T14:56:15 IST" name="Default suite" finished-at="2025-03-27T14:56:47 IST" duration-ms="31442">
    <groups>
    </groups>
    <test started-at="2025-03-27T14:56:15 IST" name="Default test" finished-at="2025-03-27T14:56:47 IST" duration-ms="31442">
      <class name="testCaseRepo.TC_006">
        <test-method is-config="true" signature="dbConnection()[pri:0, instance:testCaseRepo.TC_006@23348b5d]" started-at="2025-03-27T14:56:15 IST" name="dbConnection" finished-at="2025-03-27T14:56:15 IST" duration-ms="17" status="PASS">
          <reporter-output>
          </reporter-output>
        </test-method> <!-- dbConnection -->
        <test-method is-config="true" signature="launchBrowser(java.lang.String)[pri:0, instance:testCaseRepo.TC_006@23348b5d]" started-at="2025-03-27T14:56:15 IST" name="launchBrowser" finished-at="2025-03-27T14:56:21 IST" duration-ms="5568" status="PASS">
          <params>
            <param index="0">
              <value>
                <![CDATA[edge]]>
              </value>
            </param>
          </params>
          <reporter-output>
          </reporter-output>
        </test-method> <!-- launchBrowser -->
        <test-method is-config="true" signature="loginOperation()[pri:0, instance:testCaseRepo.TC_006@23348b5d]" started-at="2025-03-27T14:56:21 IST" name="loginOperation" finished-at="2025-03-27T14:56:25 IST" duration-ms="4270" status="PASS">
          <reporter-output>
          </reporter-output>
        </test-method> <!-- loginOperation -->
        <test-method signature="Con_003()[pri:0, instance:testCaseRepo.TC_006@23348b5d]" started-at="2025-03-27T14:56:25 IST" name="Con_003" finished-at="2025-03-27T14:56:43 IST" duration-ms="17744" status="PASS">
          <reporter-output>
          </reporter-output>
        </test-method> <!-- Con_003 -->
        <test-method is-config="true" signature="signoutOperation()[pri:0, instance:testCaseRepo.TC_006@23348b5d]" started-at="2025-03-27T14:56:43 IST" name="signoutOperation" finished-at="2025-03-27T14:56:45 IST" duration-ms="2223" status="PASS">
          <reporter-output>
          </reporter-output>
        </test-method> <!-- signoutOperation -->
        <test-method is-config="true" signature="closeBrowser()[pri:0, instance:testCaseRepo.TC_006@23348b5d]" started-at="2025-03-27T14:56:45 IST" name="closeBrowser" finished-at="2025-03-27T14:56:47 IST" duration-ms="1579" status="PASS">
          <reporter-output>
          </reporter-output>
        </test-method> <!-- closeBrowser -->
        <test-method is-config="true" signature="CloseDBConnection()[pri:0, instance:testCaseRepo.TC_006@23348b5d]" started-at="2025-03-27T14:56:47 IST" name="CloseDBConnection" finished-at="2025-03-27T14:56:47 IST" duration-ms="15" status="PASS">
          <reporter-output>
          </reporter-output>
        </test-method> <!-- CloseDBConnection -->
      </class> <!-- testCaseRepo.TC_006 -->
    </test> <!-- Default test -->
  </suite> <!-- Default suite -->
</testng-results>
